[23-Feb-2020 15:35:02] NOTICE: fpm is running, pid 46792
[23-Feb-2020 15:35:02] NOTICE: ready to handle connections
[24-Feb-2020 14:03:18] NOTICE: Terminating ...
[24-Feb-2020 14:03:18] NOTICE: Terminating ...
[24-Feb-2020 14:03:18] NOTICE: exiting, bye-bye!
[24-Feb-2020 19:30:21] NOTICE: fpm is running, pid 63198
[24-Feb-2020 19:30:21] NOTICE: ready to handle connections
[25-Feb-2020 17:13:57] NOTICE: Terminating ...
[25-Feb-2020 17:13:57] NOTICE: Terminating ...
[25-Feb-2020 17:13:57] NOTICE: exiting, bye-bye!
[25-Feb-2020 20:07:44] NOTICE: fpm is running, pid 2781
[25-Feb-2020 20:07:44] NOTICE: ready to handle connections
[05-Mar-2020 18:19:02] NOTICE: Terminating ...
[05-Mar-2020 18:19:02] NOTICE: Terminating ...
[05-Mar-2020 18:19:02] NOTICE: exiting, bye-bye!
[22-Apr-2020 17:00:33] NOTICE: fpm is running, pid 16671
[22-Apr-2020 17:00:33] NOTICE: ready to handle connections
[25-Apr-2020 15:39:00] NOTICE: Terminating ...
[25-Apr-2020 15:39:00] NOTICE: Terminating ...
[25-Apr-2020 15:39:00] NOTICE: exiting, bye-bye!
